c:\users\matt joncas\documents\visual studio 2013\projects\renderer\renderer\debug\vc120.pdb
c:\users\matt joncas\documents\visual studio 2013\projects\renderer\renderer\debug\vc120.idb
c:\users\matt joncas\documents\visual studio 2013\projects\renderer\renderer\debug\aabox.obj
c:\users\matt joncas\documents\visual studio 2013\projects\renderer\renderer\debug\boundingshape.obj
c:\users\matt joncas\documents\visual studio 2013\projects\renderer\renderer\debug\camera.obj
c:\users\matt joncas\documents\visual studio 2013\projects\renderer\renderer\debug\gameobject.obj
c:\users\matt joncas\documents\visual studio 2013\projects\renderer\renderer\debug\light.obj
c:\users\matt joncas\documents\visual studio 2013\projects\renderer\renderer\debug\lightmanager.obj
c:\users\matt joncas\documents\visual studio 2013\projects\renderer\renderer\debug\material.obj
c:\users\matt joncas\documents\visual studio 2013\projects\renderer\renderer\debug\materialmanager.obj
c:\users\matt joncas\documents\visual studio 2013\projects\renderer\renderer\debug\model.obj
c:\users\matt joncas\documents\visual studio 2013\projects\renderer\renderer\debug\modelmanager.obj
c:\users\matt joncas\documents\visual studio 2013\projects\renderer\renderer\debug\plane.obj
c:\users\matt joncas\documents\visual studio 2013\projects\renderer\renderer\debug\ray.obj
c:\users\matt joncas\documents\visual studio 2013\projects\renderer\renderer\debug\renderer.obj
c:\users\matt joncas\documents\visual studio 2013\projects\renderer\renderer\debug\shader.obj
c:\users\matt joncas\documents\visual studio 2013\projects\renderer\renderer\debug\shadermanager.obj
c:\users\matt joncas\documents\visual studio 2013\projects\renderer\renderer\debug\shadowmapfbo.obj
c:\users\matt joncas\documents\visual studio 2013\projects\renderer\renderer\debug\sphere.obj
c:\users\matt joncas\documents\visual studio 2013\projects\renderer\renderer\debug\texture.obj
c:\users\matt joncas\documents\visual studio 2013\projects\renderer\renderer\debug\texturemanager.obj
c:\users\matt joncas\documents\visual studio 2013\projects\renderer\renderer\debug\worldmanager.obj
c:\users\matt joncas\documents\visual studio 2013\projects\renderer\debug\renderer.lib
c:\users\matt joncas\documents\visual studio 2013\projects\renderer\renderer\debug\renderer.tlog\cl.command.1.tlog
c:\users\matt joncas\documents\visual studio 2013\projects\renderer\renderer\debug\renderer.tlog\cl.read.1.tlog
c:\users\matt joncas\documents\visual studio 2013\projects\renderer\renderer\debug\renderer.tlog\cl.write.1.tlog
c:\users\matt joncas\documents\visual studio 2013\projects\renderer\renderer\debug\renderer.tlog\lib-link.read.1.tlog
c:\users\matt joncas\documents\visual studio 2013\projects\renderer\renderer\debug\renderer.tlog\lib-link.write.1.tlog
c:\users\matt joncas\documents\visual studio 2013\projects\renderer\renderer\debug\renderer.tlog\lib.command.1.tlog
