Build started 26/01/2015 10:58:21 AM.
     1>Project "C:\Users\Matt Joncas\Documents\Visual Studio 2013\Projects\Renderer\Renderer\Renderer.vcxproj" on node 2 (Build target(s)).
     1>ClCompile:
         C:\Program Files (x86)\Microsoft Visual Studio 12.0\VC\bin\CL.exe /c /IC:\SFML\include /I"C:\Users\Matt Joncas\Desktop\soil\Simple OpenGL Image Library\src" /I"C:\Users\Matt Joncas\Desktop\glm-0.9.5.4\glm" /ZI /nologo /W3 /WX- /Od /Oy- /D WIN32 /D _DEBUG /D _LIB /D _UNICODE /D UNICODE /Gm /EHsc /RTC1 /MDd /GS /fp:precise /Zc:wchar_t /Zc:forScope /Fo"Debug\\" /Fd"Debug\vc120.pdb" /Gd /TP /analyze- /errorReport:prompt LightManager.cpp
         LightManager.cpp
     1>c:\users\matt joncas\documents\visual studio 2013\projects\renderer\renderer\lightmanager.cpp(40): warning C4018: '<' : signed/unsigned mismatch
       Lib:
         C:\Program Files (x86)\Microsoft Visual Studio 12.0\VC\bin\Lib.exe /OUT:"C:\Users\Matt Joncas\Documents\Visual Studio 2013\Projects\Renderer\Debug\Renderer.lib" "sfml-audio-d.lib" "sfml-graphics-d.lib" "sfml-network-d.lib" "sfml-window-d.lib" "sfml-system-d.lib" OpenGL32.lib glew32.lib SOIL.lib /LIBPATH:C:\SFML\lib /LIBPATH:"C:\Users\Matt Joncas\Desktop\soil\Simple OpenGL Image Library\lib" /NOLOGO Debug\AABox.obj
         Debug\BoundingShape.obj
         Debug\Camera.obj
         Debug\GameObject.obj
         Debug\Light.obj
         Debug\LightManager.obj
         Debug\Material.obj
         Debug\MaterialManager.obj
         Debug\Model.obj
         Debug\ModelManager.obj
         Debug\Plane.obj
         Debug\Ray.obj
         Debug\Renderer.obj
         Debug\Shader.obj
         Debug\ShaderManager.obj
         Debug\ShadowMapFBO.obj
         Debug\Sphere.obj
         Debug\Texture.obj
         Debug\TextureManager.obj
         Debug\WorldManager.obj
     1>sfml-graphics-d.lib(sfml-graphics-d-2.dll) : warning LNK4006: __NULL_IMPORT_DESCRIPTOR already defined in sfml-audio-d.lib(sfml-audio-d-2.dll); second definition ignored
     1>sfml-graphics-d.lib(sfml-graphics-d-2.dll) : warning LNK4221: This object file does not define any previously undefined public symbols, so it will not be used by any link operation that consumes this library
     1>sfml-network-d.lib(sfml-network-d-2.dll) : warning LNK4006: __NULL_IMPORT_DESCRIPTOR already defined in sfml-audio-d.lib(sfml-audio-d-2.dll); second definition ignored
     1>sfml-network-d.lib(sfml-network-d-2.dll) : warning LNK4221: This object file does not define any previously undefined public symbols, so it will not be used by any link operation that consumes this library
     1>sfml-window-d.lib(sfml-window-d-2.dll) : warning LNK4006: __NULL_IMPORT_DESCRIPTOR already defined in sfml-audio-d.lib(sfml-audio-d-2.dll); second definition ignored
     1>sfml-window-d.lib(sfml-window-d-2.dll) : warning LNK4221: This object file does not define any previously undefined public symbols, so it will not be used by any link operation that consumes this library
     1>sfml-system-d.lib(sfml-system-d-2.dll) : warning LNK4006: __NULL_IMPORT_DESCRIPTOR already defined in sfml-audio-d.lib(sfml-audio-d-2.dll); second definition ignored
     1>sfml-system-d.lib(sfml-system-d-2.dll) : warning LNK4221: This object file does not define any previously undefined public symbols, so it will not be used by any link operation that consumes this library
     1>OpenGL32.lib(OPENGL32.dll) : warning LNK4006: __NULL_IMPORT_DESCRIPTOR already defined in sfml-audio-d.lib(sfml-audio-d-2.dll); second definition ignored
     1>OpenGL32.lib(OPENGL32.dll) : warning LNK4221: This object file does not define any previously undefined public symbols, so it will not be used by any link operation that consumes this library
     1>glew32.lib(glew32.dll) : warning LNK4006: __NULL_IMPORT_DESCRIPTOR already defined in sfml-audio-d.lib(sfml-audio-d-2.dll); second definition ignored
     1>glew32.lib(glew32.dll) : warning LNK4221: This object file does not define any previously undefined public symbols, so it will not be used by any link operation that consumes this library
         Renderer.vcxproj -> C:\Users\Matt Joncas\Documents\Visual Studio 2013\Projects\Renderer\Debug\Renderer.lib
     1>Done Building Project "C:\Users\Matt Joncas\Documents\Visual Studio 2013\Projects\Renderer\Renderer\Renderer.vcxproj" (Build target(s)).

Build succeeded.

Time Elapsed 00:00:01.34
